<?xml version="1.0" encoding="UTF-8"?>
<testng-results skipped="0" failed="0" ignored="0" total="1" passed="1">
  <reporter-output>
  </reporter-output>
  <suite name="Default suite" duration-ms="7798" started-at="2020-04-05T17:56:23Z" finished-at="2020-04-05T17:56:30Z">
    <groups>
    </groups>
    <test name="Default test" duration-ms="7798" started-at="2020-04-05T17:56:23Z" finished-at="2020-04-05T17:56:30Z">
      <class name="PageFactoryWithoutAnnotations.LoginWithoutFindBy">
        <test-method status="PASS" signature="login()[pri:0, instance:PageFactoryWithoutAnnotations.LoginWithoutFindBy@174d20a]" name="login" duration-ms="7785" started-at="2020-04-05T19:56:23Z" finished-at="2020-04-05T19:56:30Z">
          <reporter-output>
          </reporter-output>
        </test-method> <!-- login -->
      </class> <!-- PageFactoryWithoutAnnotations.LoginWithoutFindBy -->
    </test> <!-- Default test -->
  </suite> <!-- Default suite -->
</testng-results>
